<?xml version="1.0" encoding="UTF-8"?>
<testng-results ignored="0" total="1" passed="1" failed="0" skipped="0">
  <reporter-output>
  </reporter-output>
  <suite started-at="2025-01-01T01:54:42 IST" name="Default suite" finished-at="2025-01-01T01:54:50 IST" duration-ms="7426">
    <groups>
    </groups>
    <test started-at="2025-01-01T01:54:42 IST" name="Default test" finished-at="2025-01-01T01:54:50 IST" duration-ms="7426">
      <class name="Loginvalid">
        <test-method signature="Tc_Jobclck()[pri:0, instance:Loginvalid@55de24cc]" started-at="2025-01-01T01:54:42 IST" name="Tc_Jobclck" finished-at="2025-01-01T01:54:50 IST" duration-ms="7364" status="PASS">
          <reporter-output>
          </reporter-output>
        </test-method> <!-- Tc_Jobclck -->
      </class> <!-- Loginvalid -->
    </test> <!-- Default test -->
  </suite> <!-- Default suite -->
</testng-results>
